<?xml version="1.0" encoding="UTF-8"?>
<!-- Generated by org.testng.reporters.JUnitReportReporter -->
<testsuite hostname="MT-PF14FL5R" failures="0" tests="1" name="com.policy.pac.tests.ApplicantPageTest" time="71.397" errors="0" timestamp="10 Mar 2021 10:00:54 GMT" skipped="0">
  <testcase classname="com.policy.pac.tests.ApplicantPageTest" name="applicantTest" time="71.397"/>
</testsuite> <!-- com.policy.pac.tests.ApplicantPageTest -->
