<?xml version="1.0" encoding="UTF-8"?>
<!-- Generated by org.testng.reporters.JUnitReportReporter -->
<testsuite hostname="MT-PF14FL5R" failures="0" tests="1" name="com.policy.pac.tests.HomePageTest" time="33.592" errors="0" timestamp="10 Mar 2021 10:00:54 GMT" skipped="0">
  <testcase classname="com.policy.pac.tests.HomePageTest" name="Navigatetonewquote" time="33.592"/>
</testsuite> <!-- com.policy.pac.tests.HomePageTest -->
