<?xml version="1.0" encoding="UTF-8"?>
<!-- Generated by org.testng.reporters.JUnitReportReporter -->
<testsuite hostname="MT-PF14FL5R" failures="0" tests="10" name="com.libraryAPI.requests.Addbookrequest" time="4.952" errors="0" timestamp="27 Mar 2021 03:02:12 GMT" skipped="0">
  <testcase classname="com.libraryAPI.requests.Addbookrequest" name="DeleteBook" time="0.205"/>
  <testcase classname="com.libraryAPI.requests.Addbookrequest" name="AddBook" time="0.200"/>
  <testcase classname="com.libraryAPI.requests.Addbookrequest" name="AddBook" time="3.006"/>
  <testcase classname="com.libraryAPI.requests.Addbookrequest" name="AddBook" time="0.229"/>
  <testcase classname="com.libraryAPI.requests.Addbookrequest" name="DeleteBook" time="0.222"/>
  <testcase classname="com.libraryAPI.requests.Addbookrequest" name="AddBook" time="0.246"/>
  <testcase classname="com.libraryAPI.requests.Addbookrequest" name="DeleteBook" time="0.183"/>
  <testcase classname="com.libraryAPI.requests.Addbookrequest" name="DeleteBook" time="0.201"/>
  <testcase classname="com.libraryAPI.requests.Addbookrequest" name="AddBook" time="0.231"/>
  <testcase classname="com.libraryAPI.requests.Addbookrequest" name="DeleteBook" time="0.229"/>
</testsuite> <!-- com.libraryAPI.requests.Addbookrequest -->
